This is pdfTeX, Version 3.1415926-2.5-1.40.14 (TeX Live 2013/Debian) (format=pdflatex 2014.7.19)  21 SEP 2014 02:20
entering extended mode
 restricted \write18 enabled.
 %&-line parsing enabled.
**black_scholes.tex
(./black_scholes.tex
LaTeX2e <2011/06/27>
Babel <3.9h> and hyphenation patterns for 78 languages loaded.
(/usr/share/texlive/texmf-dist/tex/latex/base/article.cls
Document Class: article 2007/10/19 v1.4h Standard LaTeX document class
(/usr/share/texlive/texmf-dist/tex/latex/base/size12.clo
File: size12.clo 2007/10/19 v1.4h Standard LaTeX file (size option)
)
\c@part=\count79
\c@section=\count80
\c@subsection=\count81
\c@subsubsection=\count82
\c@paragraph=\count83
\c@subparagraph=\count84
\c@figure=\count85
\c@table=\count86
\abovecaptionskip=\skip41
\belowcaptionskip=\skip42
\bibindent=\dimen102
)
(/usr/share/texlive/texmf-dist/tex/latex/geometry/geometry.sty
Package: geometry 2010/09/12 v5.6 Page Geometry

(/usr/share/texlive/texmf-dist/tex/latex/graphics/keyval.sty
Package: keyval 1999/03/16 v1.13 key=value parser (DPC)
\KV@toks@=\toks14
)
(/usr/share/texlive/texmf-dist/tex/generic/oberdiek/ifpdf.sty
Package: ifpdf 2011/01/30 v2.3 Provides the ifpdf switch (HO)
Package ifpdf Info: pdfTeX in PDF mode is detected.
)
(/usr/share/texlive/texmf-dist/tex/generic/oberdiek/ifvtex.sty
Package: ifvtex 2010/03/01 v1.5 Detect VTeX and its facilities (HO)
Package ifvtex Info: VTeX not detected.
)
(/usr/share/texlive/texmf-dist/tex/generic/ifxetex/ifxetex.sty
Package: ifxetex 2010/09/12 v0.6 Provides ifxetex conditional
)
\Gm@cnth=\count87
\Gm@cntv=\count88
\c@Gm@tempcnt=\count89
\Gm@bindingoffset=\dimen103
\Gm@wd@mp=\dimen104
\Gm@odd@mp=\dimen105
\Gm@even@mp=\dimen106
\Gm@layoutwidth=\dimen107
\Gm@layoutheight=\dimen108
\Gm@layouthoffset=\dimen109
\Gm@layoutvoffset=\dimen110
\Gm@dimlist=\toks15


Package geometry Warning: Over-specification in `h'-direction.
    `width' (512.1496pt) is ignored.


Package geometry Warning: Over-specification in `v'-direction.
    `height' (768.2244pt) is ignored.

) (./black_scholes.aux)
\openout1 = `black_scholes.aux'.

LaTeX Font Info:    Checking defaults for OML/cmm/m/it on input line 8.
LaTeX Font Info:    ... okay on input line 8.
LaTeX Font Info:    Checking defaults for T1/cmr/m/n on input line 8.
LaTeX Font Info:    ... okay on input line 8.
LaTeX Font Info:    Checking defaults for OT1/cmr/m/n on input line 8.
LaTeX Font Info:    ... okay on input line 8.
LaTeX Font Info:    Checking defaults for OMS/cmsy/m/n on input line 8.
LaTeX Font Info:    ... okay on input line 8.
LaTeX Font Info:    Checking defaults for OMX/cmex/m/n on input line 8.
LaTeX Font Info:    ... okay on input line 8.
LaTeX Font Info:    Checking defaults for U/cmr/m/n on input line 8.
LaTeX Font Info:    ... okay on input line 8.

*geometry* driver: auto-detecting
*geometry* detected driver: pdftex
*geometry* verbose mode - [ preamble ] result:
* driver: pdftex
* paper: <default>
* layout: <same size as paper>
* layoutoffset:(h,v)=(0.0pt,0.0pt)
* modes: 
* h-part:(L,W,R)=(56.9055pt, 500.484pt, 56.9055pt)
* v-part:(T,H,B)=(56.9055pt, 681.15898pt, 56.9055pt)
* \paperwidth=614.295pt
* \paperheight=794.96999pt
* \textwidth=500.484pt
* \textheight=681.15898pt
* \oddsidemargin=-15.36449pt
* \evensidemargin=-15.36449pt
* \topmargin=-52.36449pt
* \headheight=12.0pt
* \headsep=25.0pt
* \topskip=12.0pt
* \footskip=30.0pt
* \marginparwidth=44.0pt
* \marginparsep=10.0pt
* \columnsep=10.0pt
* \skip\footins=10.8pt plus 4.0pt minus 2.0pt
* \hoffset=0.0pt
* \voffset=0.0pt
* \mag=1000
* \@twocolumnfalse
* \@twosidefalse
* \@mparswitchfalse
* \@reversemarginfalse
* (1in=72.27pt=25.4mm, 1cm=28.453pt)

LaTeX Font Info:    External font `cmex10' loaded for size
(Font)              <20.74> on input line 10.
LaTeX Font Info:    External font `cmex10' loaded for size
(Font)              <14.4> on input line 10.
LaTeX Font Info:    External font `cmex10' loaded for size
(Font)              <12> on input line 10.
LaTeX Font Info:    External font `cmex10' loaded for size
(Font)              <7> on input line 10.
LaTeX Font Info:    External font `cmex10' loaded for size
(Font)              <5> on input line 10.
LaTeX Font Info:    External font `cmex10' loaded for size
(Font)              <8> on input line 21.
LaTeX Font Info:    External font `cmex10' loaded for size
(Font)              <6> on input line 21.

Underfull \hbox (badness 10000) in paragraph at lines 20--24

 []


Underfull \hbox (badness 10000) in paragraph at lines 27--29

 []

Missing character: There is no Ã in font cmr12!
Missing character: There is no ¬ in font cmr12!

Underfull \hbox (badness 10000) in paragraph at lines 30--35

 []


Underfull \hbox (badness 10000) in paragraph at lines 36--41

 []


Underfull \hbox (badness 10000) in paragraph at lines 48--52

 []

[1

{/var/lib/texmf/fonts/map/pdftex/updmap/pdftex.map}]
Underfull \hbox (badness 10000) in paragraph at lines 53--56

 []


Underfull \hbox (badness 10000) in paragraph at lines 61--63

 []


Underfull \hbox (badness 10000) in paragraph at lines 70--75

 []


Underfull \hbox (badness 10000) in paragraph at lines 80--83

 []


Underfull \hbox (badness 10000) in paragraph at lines 84--86

 []

[2]
Underfull \hbox (badness 10000) in paragraph at lines 100--102

 []


Underfull \hbox (badness 10000) in paragraph at lines 103--106

 []


Underfull \hbox (badness 10000) in paragraph at lines 107--110

 []


Underfull \hbox (badness 10000) in paragraph at lines 115--117

 []


Underfull \hbox (badness 10000) in paragraph at lines 118--121

 []


Underfull \hbox (badness 10000) in paragraph at lines 126--128

 []


Underfull \hbox (badness 10000) in paragraph at lines 129--133

 []


Underfull \hbox (badness 10000) in paragraph at lines 136--138

 []


Underfull \hbox (badness 10000) in paragraph at lines 139--141

 []

[3]
Underfull \hbox (badness 10000) in paragraph at lines 149--151

 []


Underfull \hbox (badness 10000) in paragraph at lines 152--155

 []


Underfull \hbox (badness 10000) in paragraph at lines 160--162

 []


Underfull \hbox (badness 10000) in paragraph at lines 163--165

 []


Underfull \hbox (badness 10000) in paragraph at lines 170--172

 []


Underfull \hbox (badness 10000) in paragraph at lines 180--182

 []


Underfull \hbox (badness 10000) in paragraph at lines 186--188

 []


Underfull \hbox (badness 10000) in paragraph at lines 189--191

 []


Underfull \hbox (badness 10000) in paragraph at lines 194--196

 []


Underfull \hbox (badness 10000) in paragraph at lines 197--200

 []


Underfull \hbox (badness 10000) in paragraph at lines 205--208

 []

[4]
Underfull \hbox (badness 10000) in paragraph at lines 211--213

 []


Underfull \hbox (badness 10000) in paragraph at lines 214--217

 []


Underfull \hbox (badness 10000) in paragraph at lines 221--223

 []


Underfull \hbox (badness 10000) in paragraph at lines 224--227

 []


Underfull \hbox (badness 10000) in paragraph at lines 233--235

 []


Underfull \hbox (badness 10000) in paragraph at lines 236--238

 []


Underfull \hbox (badness 10000) in paragraph at lines 241--243

 []


Underfull \hbox (badness 10000) in paragraph at lines 244--247

 []


Underfull \hbox (badness 10000) in paragraph at lines 249--251

 []


Underfull \hbox (badness 10000) in paragraph at lines 255--258

 []

[5]
Underfull \hbox (badness 10000) in paragraph at lines 269--271

 []


Underfull \hbox (badness 10000) in paragraph at lines 272--275

 []


Underfull \hbox (badness 10000) in paragraph at lines 294--296

 []


Underfull \hbox (badness 10000) in paragraph at lines 297--299

 []


Underfull \hbox (badness 10000) in paragraph at lines 302--304

 []

Missing character: There is no Å in font cmr8!
Missing character: There is no § in font cmr8!

Underfull \hbox (badness 10000) in paragraph at lines 306--309

 []


Underfull \hbox (badness 10000) in paragraph at lines 314--316

 []


Underfull \hbox (badness 10000) in paragraph at lines 318--320

 []

[6]
Underfull \hbox (badness 10000) in paragraph at lines 332--334

 []


Underfull \hbox (badness 10000) in paragraph at lines 335--337

 []


Underfull \hbox (badness 10000) in paragraph at lines 341--343

 []


Underfull \hbox (badness 10000) in paragraph at lines 344--348

 []


Underfull \hbox (badness 10000) in paragraph at lines 356--358

 []


Underfull \hbox (badness 10000) in paragraph at lines 359--361

 []


Underfull \hbox (badness 10000) in paragraph at lines 364--366

 []


Underfull \hbox (badness 10000) in paragraph at lines 368--370

 []

[7]
Underfull \hbox (badness 10000) in paragraph at lines 378--380

 []


Underfull \hbox (badness 10000) in paragraph at lines 381--383

 []

[8] (./black_scholes.aux) ) 
Here is how much of TeX's memory you used:
 771 strings out of 493304
 10492 string characters out of 6139871
 78865 words of memory out of 5000000
 4284 multiletter control sequences out of 15000+600000
 9822 words of font info for 34 fonts, out of 8000000 for 9000
 957 hyphenation exceptions out of 8191
 29i,16n,31p,261b,220s stack positions out of 5000i,500n,10000p,200000b,80000s
</usr/share/texlive/texmf-dist/fonts/type1/public/am
sfonts/cm/cmbx12.pfb></usr/share/texlive/texmf-dist/fonts/type1/public/amsfonts
/cm/cmbxti10.pfb></usr/share/texlive/texmf-dist/fonts/type1/public/amsfonts/cm/
cmex10.pfb></usr/share/texlive/texmf-dist/fonts/type1/public/amsfonts/cm/cmmi12
.pfb></usr/share/texlive/texmf-dist/fonts/type1/public/amsfonts/cm/cmmi6.pfb></
usr/share/texlive/texmf-dist/fonts/type1/public/amsfonts/cm/cmmi8.pfb></usr/sha
re/texlive/texmf-dist/fonts/type1/public/amsfonts/cm/cmr10.pfb></usr/share/texl
ive/texmf-dist/fonts/type1/public/amsfonts/cm/cmr12.pfb></usr/share/texlive/tex
mf-dist/fonts/type1/public/amsfonts/cm/cmr17.pfb></usr/share/texlive/texmf-dist
/fonts/type1/public/amsfonts/cm/cmr6.pfb></usr/share/texlive/texmf-dist/fonts/t
ype1/public/amsfonts/cm/cmr7.pfb></usr/share/texlive/texmf-dist/fonts/type1/pub
lic/amsfonts/cm/cmr8.pfb></usr/share/texlive/texmf-dist/fonts/type1/public/amsf
onts/cm/cmsy10.pfb></usr/share/texlive/texmf-dist/fonts/type1/public/amsfonts/c
m/cmsy6.pfb></usr/share/texlive/texmf-dist/fonts/type1/public/amsfonts/cm/cmsy7
.pfb></usr/share/texlive/texmf-dist/fonts/type1/public/amsfonts/cm/cmsy8.pfb></
usr/share/texlive/texmf-dist/fonts/type1/public/amsfonts/cm/cmti12.pfb>
Output written on black_scholes.pdf (8 pages, 192859 bytes).
PDF statistics:
 99 PDF objects out of 1000 (max. 8388607)
 71 compressed objects within 1 object stream
 0 named destinations out of 1000 (max. 500000)
 1 words of extra memory for PDF output out of 10000 (max. 10000000)

